#-----------------------------------------------------------
# Webtalk v2017.4 (64-bit)
# SW Build 2086221 on Fri Dec 15 20:55:39 MST 2017
# 
# Start of session at: Mon Oct 16 22:19:43 2023
# Process ID: 17956
# Current directory: C:/Users/matia/lab_5_1/lab_5_1.sdk/webtalk
# Command line: wbtcv.exe -mode batch -source sdk_webtalk.tcl
# Log file: C:/Users/matia/lab_5_1/lab_5_1.sdk/webtalk/webtalk.log
# Journal file: C:/Users/matia/lab_5_1/lab_5_1.sdk/webtalk\webtalk.jou
#-----------------------------------------------------------
source sdk_webtalk.tcl
# webtalk_init -webtalk_dir C:\\Users\\matia\\lab_5_1\\lab_5_1.sdk\\webtalk
# webtalk_register_client -client project
# webtalk_add_data -client project -key date_generated -value "2023-10-16 22:19:42" -context "software_version_and_target_device"
# webtalk_add_data -client project -key product_version -value "SDK v2017.4" -context "software_version_and_target_device"
# webtalk_add_data -client project -key build_version -value "2017.4" -context "software_version_and_target_device"
# webtalk_add_data -client project -key os_platform -value "amd64" -context "software_version_and_target_device"
# webtalk_add_data -client project -key registration_id -value "212540647_0_0_525" -context "software_version_and_target_device"
# webtalk_add_data -client project -key tool_flow -value "SDK" -context "software_version_and_target_device"
# webtalk_add_data -client project -key beta -value "false" -context "software_version_and_target_device"
# webtalk_add_data -client project -key route_design -value "NA" -context "software_version_and_target_device"
# webtalk_add_data -client project -key target_family -value "NA" -context "software_version_and_target_device"
# webtalk_add_data -client project -key target_device -value "NA" -context "software_version_and_target_device"
# webtalk_add_data -client project -key target_package -value "NA" -context "software_version_and_target_device"
# webtalk_add_data -client project -key target_speed -value "NA" -context "software_version_and_target_device"
# webtalk_add_data -client project -key random_id -value "97ud1biovo5cp8vrabtfpt2vcd" -context "software_version_and_target_device"
# webtalk_add_data -client project -key project_id -value "2017.4_7" -context "software_version_and_target_device"
# webtalk_add_data -client project -key project_iteration -value "7" -context "software_version_and_target_device"
# webtalk_add_data -client project -key os_name -value "Microsoft Windows 8 or later , 64-bit" -context "user_environment"
# webtalk_add_data -client project -key os_release -value "major release  (build 9200)" -context "user_environment"
# webtalk_add_data -client project -key cpu_name -value "12th Gen Intel(R) Core(TM) i7-12700F" -context "user_environment"
# webtalk_add_data -client project -key cpu_speed -value "2112 MHz" -context "user_environment"
# webtalk_add_data -client project -key total_processors -value "1" -context "user_environment"
# webtalk_add_data -client project -key system_ram -value "34.186 GB" -context "user_environment"
# webtalk_register_client -client sdk
# webtalk_add_data -client sdk -key uid -value "1697505990956" -context "sdk\\\\bsp/1697505990956"
# webtalk_add_data -client sdk -key hwid -value "1697500352668" -context "sdk\\\\bsp/1697505990956"
# webtalk_add_data -client sdk -key os -value "standalone" -context "sdk\\\\bsp/1697505990956"
# webtalk_add_data -client sdk -key apptemplate -value "empty_application" -context "sdk\\\\bsp/1697505990956"
# webtalk_add_data -client sdk -key RecordType -value "BSPCreation" -context "sdk\\\\bsp/1697505990956"
# webtalk_add_data -client sdk -key uid -value "1697505991860" -context "sdk\\\\application/1697505991860"
# webtalk_add_data -client sdk -key hwid -value "1697500352668" -context "sdk\\\\application/1697505991860"
# webtalk_add_data -client sdk -key bspid -value "1697505990956" -context "sdk\\\\application/1697505991860"
# webtalk_add_data -client sdk -key newbsp -value "true" -context "sdk\\\\application/1697505991860"
# webtalk_add_data -client sdk -key os -value "standalone" -context "sdk\\\\application/1697505991860"
# webtalk_add_data -client sdk -key apptemplate -value "empty_application" -context "sdk\\\\application/1697505991860"
# webtalk_add_data -client sdk -key RecordType -value "APPCreation" -context "sdk\\\\application/1697505991860"
# webtalk_add_data -client sdk -key LangUsed -value "C" -context "sdk\\\\application/1697505991860"
# webtalk_add_data -client sdk -key Procused -value "ps7_cortexa9" -context "sdk\\\\application/1697505991860"
# webtalk_add_data -client sdk -key projSize -value "175.58984375" -context "sdk\\\\application/1697505991860"
# webtalk_add_data -client sdk -key uid -value "NA" -context "sdk\\\\bsp/1697509182297"
# webtalk_add_data -client sdk -key RecordType -value "ToolUsage" -context "sdk\\\\bsp/1697509182297"
# webtalk_add_data -client sdk -key BootgenCount -value "0" -context "sdk\\\\bsp/1697509182297"
# webtalk_add_data -client sdk -key DebugCount -value "0" -context "sdk\\\\bsp/1697509182297"
# webtalk_add_data -client sdk -key PerfCount -value "0" -context "sdk\\\\bsp/1697509182297"
# webtalk_add_data -client sdk -key FlashCount -value "0" -context "sdk\\\\bsp/1697509182297"
# webtalk_add_data -client sdk -key CrossTriggCount -value "0" -context "sdk\\\\bsp/1697509182297"
# webtalk_add_data -client sdk -key QemuDebugCount -value "0" -context "sdk\\\\bsp/1697509182297"
# webtalk_transmit -clientid 618346226 -regid "212540647_0_0_525" -xml C:\\Users\\matia\\lab_5_1\\lab_5_1.sdk\\webtalk\\usage_statistics_ext_sdk.xml -html C:\\Users\\matia\\lab_5_1\\lab_5_1.sdk\\webtalk\\usage_statistics_ext_sdk.html -wdm C:\\Users\\matia\\lab_5_1\\lab_5_1.sdk\\webtalk\\sdk_webtalk.wdm -intro "<H3>SDK Usage Report</H3><BR>"
# webtalk_terminate
INFO: [Common 17-206] Exiting Webtalk at Mon Oct 16 22:19:46 2023...
